2022-02-10 16:21:19.376  INFO [t]  http  HttpServerBegin: id: a140c751-74d6-46d7-a691-3e3060e2c5e8, url: /v2/partner/46717421/dial
2022-02-10 16:21:19.377 DEBUG [t]  opentok  GetSessionInfoBegin: sessionId: 1_MX40NjcxNzQyMX5-MTY0NDUwOTcxNTgxM35zT3Y3NWdqdldxSjRHNXBJaXRGQ1BLZU5-fg, url: http://api-proxy.application-dev-0.apps0.tkb.h2o.dev.use1.vonagenetworks.net/session/1_MX40NjcxNzQyMX5-MTY0NDUwOTcxNTgxM35zT3Y3NWdqdldxSjRHNXBJaXRGQ1BLZU5-fg?version=1&format=json&token=T1==cGFydG5lcl9pZD00NjcxNzQyMSZzZGtfdmVyc2lvbj10YnBocC12MC45MS4yMDExLTA3LTA1JnNpZz0xNjBjZmVkOTNhYTQ3ZTFiNDA0MDJkOGRjMWZmMWMzYjhjZTUxNmVlOnNlc3Npb25faWQ9MV9NWDQwTmpjeE56UXlNWDUtTVRZME5EVXdPVGN4TlRneE0zNXpUM1kzTldkcWRsZHhTalJITlhCSmFYUkdRMUJMWlU1LWZnJmNyZWF0ZV90aW1lPTE2NDQ1MDk3MTUmcm9sZT1tb2RlcmF0b3Imbm9uY2U9MTY0NDUwOTcxNS45NjkxMTU3ODAzMDIzMSZleHBpcmVfdGltZT0xNjQ3MTAxNzE1
2022-02-10 16:21:19.407 DEBUG [t]  opentok  GetSessionInfoEnd: sessionId: 1_MX40NjcxNzQyMX5-MTY0NDUwOTcxNTgxM35zT3Y3NWdqdldxSjRHNXBJaXRGQ1BLZU5-fg, url: http://api-proxy.application-dev-0.apps0.tkb.h2o.dev.use1.vonagenetworks.net/session/1_MX40NjcxNzQyMX5-MTY0NDUwOTcxNTgxM35zT3Y3NWdqdldxSjRHNXBJaXRGQ1BLZU5-fg?version=1&format=json&token=T1==cGFydG5lcl9pZD00NjcxNzQyMSZzZGtfdmVyc2lvbj10YnBocC12MC45MS4yMDExLTA3LTA1JnNpZz0xNjBjZmVkOTNhYTQ3ZTFiNDA0MDJkOGRjMWZmMWMzYjhjZTUxNmVlOnNlc3Npb25faWQ9MV9NWDQwTmpjeE56UXlNWDUtTVRZME5EVXdPVGN4TlRneE0zNXpUM1kzTldkcWRsZHhTalJITlhCSmFYUkdRMUJMWlU1LWZnJmNyZWF0ZV90aW1lPTE2NDQ1MDk3MTUmcm9sZT1tb2RlcmF0b3Imbm9uY2U9MTY0NDUwOTcxNS45NjkxMTU3ODAzMDIzMSZleHBpcmVfdGltZT0xNjQ3MTAxNzE1, status: 200, server: mtsvd001-pdx.dev.tokbox.com
2022-02-10 16:21:19.408 DEBUG [t]  opentok  RaptorConnectBegin: 
2022-02-10 16:21:19.409 DEBUG [t]  opentok  RumorConnectBegin: 
2022-02-10 16:21:19.409 DEBUG [t]  opentok  WebsocketConnectBegin: 
2022-02-10 16:21:19.632 DEBUG [t]  opentok  RaptorSend: method: create, uri: /v2/partner/46717421/session/1_MX40NjcxNzQyMX5-MTY0NDUwOTcxNTgxM35zT3Y3NWdqdldxSjRHNXBJaXRGQ1BLZU5-fg/connection/7b111b0b-a895-456a-8c83-97a7dbac052d
2022-02-10 16:21:19.633 DEBUG [t]  opentok  RumorSend: type: 2, tx: 7302e516-c99c-43e7-9d90-8214d1570991
2022-02-10 16:21:19.634 DEBUG [t]  opentok  RumorConnectEnd: 
2022-02-10 16:21:19.635 DEBUG [t]  opentok  WebsocketConnectEnd: 
2022-02-10 16:21:19.776 DEBUG [t]  opentok  RumorRecv: type: 9, status: 200, tx: 7302e516-c99c-43e7-9d90-8214d1570991
2022-02-10 16:21:19.777 DEBUG [t]  opentok  RaptorRecv: method: undefined, uri: undefined
2022-02-10 16:21:19.778 DEBUG [t]  opentok  RaptorConnectEnd: 
2022-02-10 16:21:19.778 DEBUG [t]  opentok  RaptorSend: method: read, uri: /v2/partner/46717421/session/1_MX40NjcxNzQyMX5-MTY0NDUwOTcxNTgxM35zT3Y3NWdqdldxSjRHNXBJaXRGQ1BLZU5-fg
2022-02-10 16:21:19.779 DEBUG [t]  opentok  RumorSend: type: 2, tx: d6fa0655-2b61-4756-8f90-c17dcbe9a1be
2022-02-10 16:21:19.781 DEBUG [t]  opentok  RumorRecv: type: 2, status: undefined, tx: 2e9cd3cb-b5f9-4d51-a185-8f084dce6b97
2022-02-10 16:21:19.781 DEBUG [t]  opentok  RaptorRecv: method: created, uri: /v2/partner/46717421/session/1_MX40NjcxNzQyMX5-MTY0NDUwOTcxNTgxM35zT3Y3NWdqdldxSjRHNXBJaXRGQ1BLZU5-fg/connection/7b111b0b-a895-456a-8c83-97a7dbac052d
2022-02-10 16:21:19.852 DEBUG [t]  opentok  RumorRecv: type: 2, status: 200, tx: d6fa0655-2b61-4756-8f90-c17dcbe9a1be
2022-02-10 16:21:19.853 DEBUG [t]  opentok  RaptorRecv: method: read, uri: /v2/partner/46717421/session/1_MX40NjcxNzQyMX5-MTY0NDUwOTcxNTgxM35zT3Y3NWdqdldxSjRHNXBJaXRGQ1BLZU5-fg/
2022-02-10 16:21:19.854  INFO [t]  websocket-connector  ConnectAttempt: type: WebSocket, sessionId: 1_MX40NjcxNzQyMX5-MTY0NDUwOTcxNTgxM35zT3Y3NWdqdldxSjRHNXBJaXRGQ1BLZU5-fg, partnerId: 46717421, channelId: 6382929c-4dce-416b-b593-4bcad87e94b7, createdAt: 1644510079854
2022-02-10 16:21:19.854  INFO [t]  state  ConferenceCreated: conferenceId: 8f6a7543-895e-499e-85a7-b1e963aabb48, connectionId: 7b111b0b-a895-456a-8c83-97a7dbac052d, video: undefined, sessionId: 1_MX40NjcxNzQyMX5-MTY0NDUwOTcxNTgxM35zT3Y3NWdqdldxSjRHNXBJaXRGQ1BLZU5-fg, partnerId: 46717421, uri: wss%3A%2F%2F173.63.111.154%3A8089%2F%3FcustomID%3D1111, transport: tcp, secure: true, observeForceMute: undefined, createdAt: 1644510079854
2022-02-10 16:21:19.854  INFO [t]  state  ConferenceStats: conferenceId: 8f6a7543-895e-499e-85a7-b1e963aabb48, connectionId: 7b111b0b-a895-456a-8c83-97a7dbac052d, sessionId: 1_MX40NjcxNzQyMX5-MTY0NDUwOTcxNTgxM35zT3Y3NWdqdldxSjRHNXBJaXRGQ1BLZU5-fg, video: undefined, observeForceMute: undefined, partnerId: 46717421, createdAt: 1644510079854, period: 30, duration: 0, subscriberStreamCount: 0, subscriberChannelIds: []
2022-02-10 16:21:19.855 DEBUG [t]  state  ChannelAdd: channelId: 6382929c-4dce-416b-b593-4bcad87e94b7, partnerId: 46717421, sessionId: 1_MX40NjcxNzQyMX5-MTY0NDUwOTcxNTgxM35zT3Y3NWdqdldxSjRHNXBJaXRGQ1BLZU5-fg, connectionId: 7b111b0b-a895-456a-8c83-97a7dbac052d, type: Connect
2022-02-10 16:21:19.855  INFO [t]  state  ChannelStats: uniqueId: , channelId: 6382929c-4dce-416b-b593-4bcad87e94b7, conferenceId: 8f6a7543-895e-499e-85a7-b1e963aabb48, connectionId: 7b111b0b-a895-456a-8c83-97a7dbac052d, sessionId: 1_MX40NjcxNzQyMX5-MTY0NDUwOTcxNTgxM35zT3Y3NWdqdldxSjRHNXBJaXRGQ1BLZU5-fg, partnerId: 46717421, streamId: , subscriberId: , type: Connect, state: undefined, createdAt: 1644510079854, activeAt: -1, duration: 0, activeDuration: -1, period: 30
2022-02-10 16:21:19.856 DEBUG [t]  esl  ESLRequest: cmd: conference 8f6a7543-895e-499e-85a7-b1e963aabb48 dial {sip_h_X-OpenTok-ConferenceId='8f6a7543-895e-499e-85a7-b1e963aabb48',sip_h_X-OpenTok-ConnectionId='7b111b0b-a895-456a-8c83-97a7dbac052d',sip_h_X-OpenTok-PartnerId='46717421',sip_h_X-OpenTok-ChannelId='6382929c-4dce-416b-b593-4bcad87e94b7',sip_h_X-OpenTok-SessionId='1_MX40NjcxNzQyMX5-MTY0NDUwOTcxNTgxM35zT3Y3NWdqdldxSjRHNXBJaXRGQ1BLZU5-fg',sip_h_X-OpenTok-Token='T1==cGFydG5lcl9pZD00NjcxNzQyMSZzZGtfdmVyc2lvbj10YnBocC12MC45MS4yMDExLTA3LTA1JnNpZz0xNjBjZmVkOTNhYTQ3ZTFiNDA0MDJkOGRjMWZmMWMzYjhjZTUxNmVlOnNlc3Npb25faWQ9MV9NWDQwTmpjeE56UXlNWDUtTVRZME5EVXdPVGN4TlRneE0zNXpUM1kzTldkcWRsZHhTalJITlhCSmFYUkdRMUJMWlU1LWZnJmNyZWF0ZV90aW1lPTE2NDQ1MDk3MTUmcm9sZT1tb2RlcmF0b3Imbm9uY2U9MTY0NDUwOTcxNS45NjkxMTU3ODAzMDIzMSZleHBpcmVfdGltZT0xNjQ3MTAxNzE1',}wsbridge/wss://173.63.111.154:8089/?customID=1111
2022-02-10 16:21:19.960 DEBUG [t]  esl  ESLEvent: event: CHANNEL_ANSWER, uniqueId: 8ec7f1dd-f2f1-4ee5-bf0c-65594e1c24d9
2022-02-10 16:21:19.961 DEBUG [t]  esl  ESLEvent: event: CHANNEL_CALLSTATE, uniqueId: 8ec7f1dd-f2f1-4ee5-bf0c-65594e1c24d9
2022-02-10 16:21:19.961 DEBUG [t]  esl  ESLEvent: event: CHANNEL_CREATE, uniqueId: 8ec7f1dd-f2f1-4ee5-bf0c-65594e1c24d9
2022-02-10 16:21:19.962  INFO [t]  state  ChannelCreated: uniqueId: 8ec7f1dd-f2f1-4ee5-bf0c-65594e1c24d9, channelId: 6382929c-4dce-416b-b593-4bcad87e94b7, conferenceId: 8f6a7543-895e-499e-85a7-b1e963aabb48, connectionId: 7b111b0b-a895-456a-8c83-97a7dbac052d, sessionId: 1_MX40NjcxNzQyMX5-MTY0NDUwOTcxNTgxM35zT3Y3NWdqdldxSjRHNXBJaXRGQ1BLZU5-fg, partnerId: 46717421, streamId: undefined, subscriberId: undefined, type: Connect, createdAt: 1644510079854
2022-02-10 16:21:19.963 DEBUG [t]  esl  ESLEvent: event: CUSTOM#add-member, uniqueId: 8ec7f1dd-f2f1-4ee5-bf0c-65594e1c24d9
2022-02-10 16:21:19.963  INFO [t]  websocket-connector  ConnectFailed: type: WebSocket, sessionId: 1_MX40NjcxNzQyMX5-MTY0NDUwOTcxNTgxM35zT3Y3NWdqdldxSjRHNXBJaXRGQ1BLZU5-fg, partnerId: 46717421, channelId: 6382929c-4dce-416b-b593-4bcad87e94b7, createdAt: 1644510079854
2022-02-10 16:21:19.964 DEBUG [t]  esl  ESLRequest: cmd: hupall normal_clearing sip_h_X-OpenTok-ConferenceId 8f6a7543-895e-499e-85a7-b1e963aabb48
2022-02-10 16:21:19.965  INFO [t]  http  HttpServerEnd: id: a140c751-74d6-46d7-a691-3e3060e2c5e8, status: 400
2022-02-10 16:21:19.989 DEBUG [t]  esl  ESLEvent: event: CHANNEL_CALLSTATE, uniqueId: 8ec7f1dd-f2f1-4ee5-bf0c-65594e1c24d9
2022-02-10 16:21:19.989  INFO [t]  state  ChannelUpdated: uniqueId: 8ec7f1dd-f2f1-4ee5-bf0c-65594e1c24d9, channelId: 6382929c-4dce-416b-b593-4bcad87e94b7, conferenceId: 8f6a7543-895e-499e-85a7-b1e963aabb48, connectionId: 7b111b0b-a895-456a-8c83-97a7dbac052d, sessionId: 1_MX40NjcxNzQyMX5-MTY0NDUwOTcxNTgxM35zT3Y3NWdqdldxSjRHNXBJaXRGQ1BLZU5-fg, partnerId: 46717421, type: Connect, state: HANGUP, createdAt: 1644510079962, activeAt: -1
2022-02-10 16:21:19.990 DEBUG [t]  esl  ESLEvent: event: CHANNEL_DESTROY, uniqueId: 8ec7f1dd-f2f1-4ee5-bf0c-65594e1c24d9
2022-02-10 16:21:19.991  INFO [t]  state  ChannelStats: uniqueId: 8ec7f1dd-f2f1-4ee5-bf0c-65594e1c24d9, channelId: 6382929c-4dce-416b-b593-4bcad87e94b7, conferenceId: 8f6a7543-895e-499e-85a7-b1e963aabb48, connectionId: 7b111b0b-a895-456a-8c83-97a7dbac052d, sessionId: 1_MX40NjcxNzQyMX5-MTY0NDUwOTcxNTgxM35zT3Y3NWdqdldxSjRHNXBJaXRGQ1BLZU5-fg, partnerId: 46717421, streamId: , subscriberId: , type: Connect, state: HANGUP, createdAt: 1644510079962, activeAt: -1, duration: 0, activeDuration: -1, period: 30
2022-02-10 16:21:19.991 DEBUG [t]  state  ChannelClose: channelId: 6382929c-4dce-416b-b593-4bcad87e94b7, partnerId: 46717421, sessionId: 1_MX40NjcxNzQyMX5-MTY0NDUwOTcxNTgxM35zT3Y3NWdqdldxSjRHNXBJaXRGQ1BLZU5-fg, connectionId: 7b111b0b-a895-456a-8c83-97a7dbac052d, type: Connect, createdAt: 1644510079962, uniqueId: 8ec7f1dd-f2f1-4ee5-bf0c-65594e1c24d9, callState: HANGUP
2022-02-10 16:21:19.991 DEBUG [t]  esl  ESLRequest: cmd: hupall normal_clearing sip_h_X-OpenTok-ConferenceId 8f6a7543-895e-499e-85a7-b1e963aabb48
2022-02-10 16:21:19.992 DEBUG [t]  esl  ESLRequest: cmd: hupall normal_clearing sip_h_X-OpenTok-ChannelId 6382929c-4dce-416b-b593-4bcad87e94b7
2022-02-10 16:21:19.992  INFO [t]  state  ChannelDestroyed: uniqueId: 8ec7f1dd-f2f1-4ee5-bf0c-65594e1c24d9, channelId: 6382929c-4dce-416b-b593-4bcad87e94b7, conferenceId: 8f6a7543-895e-499e-85a7-b1e963aabb48, sessionId: 1_MX40NjcxNzQyMX5-MTY0NDUwOTcxNTgxM35zT3Y3NWdqdldxSjRHNXBJaXRGQ1BLZU5-fg, connectionId: 7b111b0b-a895-456a-8c83-97a7dbac052d, partnerId: 46717421, streamId: undefined, sipCallId: undefined, subscriberId: undefined, type: Connect, hangupCause: NORMAL_CLEARING, causeQ850: 16, createdAt: 1644510079962, activeAt: -1, destroyedAt: 1644510079992, duration: 0, activeDuration: -1
2022-02-10 16:21:19.993  INFO [t]  state  ConferenceStats: conferenceId: 8f6a7543-895e-499e-85a7-b1e963aabb48, connectionId: 7b111b0b-a895-456a-8c83-97a7dbac052d, sessionId: 1_MX40NjcxNzQyMX5-MTY0NDUwOTcxNTgxM35zT3Y3NWdqdldxSjRHNXBJaXRGQ1BLZU5-fg, video: undefined, observeForceMute: undefined, partnerId: 46717421, createdAt: 1644510079854, period: 30, duration: 0, subscriberStreamCount: 0, subscriberChannelIds: []
2022-02-10 16:21:19.993  INFO [t]  state  ConferenceDestroyed: conferenceId: 8f6a7543-895e-499e-85a7-b1e963aabb48, sessionId: 1_MX40NjcxNzQyMX5-MTY0NDUwOTcxNTgxM35zT3Y3NWdqdldxSjRHNXBJaXRGQ1BLZU5-fg, connectionId: 7b111b0b-a895-456a-8c83-97a7dbac052d, partnerId: 46717421, createdAt: 1644510079854, destroyedAt: 1644510079992, duration: 0
2022-02-10 16:21:20.036  INFO [t]  streamer  OpentokClose: conferenceId: 8f6a7543-895e-499e-85a7-b1e963aabb48, sessionId: 1_MX40NjcxNzQyMX5-MTY0NDUwOTcxNTgxM35zT3Y3NWdqdldxSjRHNXBJaXRGQ1BLZU5-fg, partnerId: 46717421, connectionId: 7b111b0b-a895-456a-8c83-97a7dbac052d